[2026-05-26T01:42:13.586Z] REQUICIENCIA POST: {"prestamo_id":"4dd97aad-40ad-417b-be5d-73a2695da832","monto_pagado":"10.00","monto_capital_pagado":"5.00","monto_interes_pagado":"5.00","monto_mora_pagado":"0.00","notas":"PAGO DE PRUEBA DEBUG"}
[2026-05-26T01:42:14.017Z] Iniciando transacción...
[2026-05-26T01:42:14.451Z] Calculados: SaldoAntes=55, NuevoSaldo=45
[2026-05-26T01:42:14.899Z] Registro de pago creado.
[2026-05-26T01:42:15.347Z] Préstamo actualizado.
[2026-05-26T01:42:15.568Z] Transacción exitosa.
[2026-05-26T01:49:26.288Z] RECIBIENDO POST: {"prestamo_id":"4dd97aad-40ad-417b-be5d-73a2695da832","monto_pagado":"60","monto_capital_pagado":"51.00","monto_interes_pagado":"5.00","monto_mora_pagado":"4","notas":""}
[2026-05-26T01:49:26.960Z] Iniciando transacción...
[2026-05-26T01:49:27.400Z] Calculando: Antes=55, Menos=56, Después=0
[2026-05-26T01:49:28.507Z] ERROR CRÍTICO POST: 
Invalid `prisma.prestamo.update()` invocation:


Error occurred during query execution:
ConnectorError(ConnectorError { user_facing_error: None, kind: QueryError(PostgresError { code: "23514", message: "new row for relation \"prestamos\" violates check constraint \"prestamos_estado_check\"", severity: "ERROR", detail: Some("Failing row contains (4dd97aad-40ad-417b-be5d-73a2695da832, 1d4fd79b-eb64-4f93-871e-d49302e5c0bf, 50.00, porcentaje, 10.00, 5.00, 55.00, 0.00, finalizado, 2026-05-25 22:33:25.277+00, null, , 2026-05-25 22:33:25.277+00, 2026-05-25 22:33:25.277+00)."), column: None, hint: None }), transient: false }) 
Stack: PrismaClientUnknownRequestError: 
Invalid `prisma.prestamo.update()` invocation:


Error occurred during query execution:
ConnectorError(ConnectorError { user_facing_error: None, kind: QueryError(PostgresError { code: "23514", message: "new row for relation \"prestamos\" violates check constraint \"prestamos_estado_check\"", severity: "ERROR", detail: Some("Failing row contains (4dd97aad-40ad-417b-be5d-73a2695da832, 1d4fd79b-eb64-4f93-871e-d49302e5c0bf, 50.00, porcentaje, 10.00, 5.00, 55.00, 0.00, finalizado, 2026-05-25 22:33:25.277+00, null, , 2026-05-25 22:33:25.277+00, 2026-05-25 22:33:25.277+00)."), column: None, hint: None }), transient: false })
    at $n.handleRequestError (C:\Users\LENOVO\Desktop\Proyectos\presto\node_modules\@prisma\client\runtime\library.js:121:7505)
    at $n.handleAndLogRequestError (C:\Users\LENOVO\Desktop\Proyectos\presto\node_modules\@prisma\client\runtime\library.js:121:6623)
    at $n.request (C:\Users\LENOVO\Desktop\Proyectos\presto\node_modules\@prisma\client\runtime\library.js:121:6307)
    at async l (C:\Users\LENOVO\Desktop\Proyectos\presto\node_modules\@prisma\client\runtime\library.js:130:9633)
    at async POST.__TURBOPACK__imported__module__$5b$project$5d2f$lib$2f$prisma$2e$ts__$5b$app$2d$route$5d$__$28$ecmascript$29$__.prisma.$transaction.timeout (C:\Users\LENOVO\Desktop\Proyectos\presto\.next\dev\server\chunks\[root-of-the-server]__0c5dyo~._.js:164:13)
    at async Proxy._transactionWithCallback (C:\Users\LENOVO\Desktop\Proyectos\presto\node_modules\@prisma\client\runtime\library.js:130:8000)
    at async POST (C:\Users\LENOVO\Desktop\Proyectos\presto\.next\dev\server\chunks\[root-of-the-server]__0c5dyo~._.js:136:24)
    at async AppRouteRouteModule.do (C:\Users\LENOVO\Desktop\Proyectos\presto\node_modules\next\dist\compiled\next-server\app-route-turbo.runtime.dev.js:5:40115)
    at async AppRouteRouteModule.handle (C:\Users\LENOVO\Desktop\Proyectos\presto\node_modules\next\dist\compiled\next-server\app-route-turbo.runtime.dev.js:5:47395)
    at async responseGenerator (C:\Users\LENOVO\Desktop\Proyectos\presto\.next\dev\server\chunks\[root-of-the-server]__0xm9.59._.js:16503:38)
    at async AppRouteRouteModule.handleResponse (C:\Users\LENOVO\Desktop\Proyectos\presto\node_modules\next\dist\compiled\next-server\app-route-turbo.runtime.dev.js:1:228552)
    at async handleResponse (C:\Users\LENOVO\Desktop\Proyectos\presto\.next\dev\server\chunks\[root-of-the-server]__0xm9.59._.js:16566:32)
    at async Module.handler (C:\Users\LENOVO\Desktop\Proyectos\presto\.next\dev\server\chunks\[root-of-the-server]__0xm9.59._.js:16620:13)
    at async DevServer.renderToResponseWithComponentsImpl (C:\Users\LENOVO\Desktop\Proyectos\presto\node_modules\next\dist\server\base-server.js:1462:9)
    at async DevServer.renderPageComponent (C:\Users\LENOVO\Desktop\Proyectos\presto\node_modules\next\dist\server\base-server.js:1514:24)
    at async DevServer.renderToResponseImpl (C:\Users\LENOVO\Desktop\Proyectos\presto\node_modules\next\dist\server\base-server.js:1564:32)
    at async DevServer.pipeImpl (C:\Users\LENOVO\Desktop\Proyectos\presto\node_modules\next\dist\server\base-server.js:1044:25)
    at async NextNodeServer.handleCatchallRenderRequest (C:\Users\LENOVO\Desktop\Proyectos\presto\node_modules\next\dist\server\next-server.js:338:17)
    at async DevServer.handleRequestImpl (C:\Users\LENOVO\Desktop\Proyectos\presto\node_modules\next\dist\server\base-server.js:935:17)
    at async C:\Users\LENOVO\Desktop\Proyectos\presto\node_modules\next\dist\server\dev\next-dev-server.js:394:20
    at async Span.traceAsyncFn (C:\Users\LENOVO\Desktop\Proyectos\presto\node_modules\next\dist\trace\trace.js:164:20)
    at async DevServer.handleRequest (C:\Users\LENOVO\Desktop\Proyectos\presto\node_modules\next\dist\server\dev\next-dev-server.js:390:24)
    at async invokeRender (C:\Users\LENOVO\Desktop\Proyectos\presto\node_modules\next\dist\server\lib\router-server.js:266:21)
    at async handleRequest (C:\Users\LENOVO\Desktop\Proyectos\presto\node_modules\next\dist\server\lib\router-server.js:465:24)
    at async requestHandlerImpl (C:\Users\LENOVO\Desktop\Proyectos\presto\node_modules\next\dist\server\lib\router-server.js:514:13)
    at async Server.requestListener (C:\Users\LENOVO\Desktop\Proyectos\presto\node_modules\next\dist\server\lib\start-server.js:225:13)
[2026-05-26T01:49:49.445Z] RECIBIENDO POST: {"prestamo_id":"4dd97aad-40ad-417b-be5d-73a2695da832","monto_pagado":"60","monto_capital_pagado":"50.00","monto_interes_pagado":"5.00","monto_mora_pagado":"5","notas":""}
[2026-05-26T01:49:49.888Z] Iniciando transacción...
[2026-05-26T01:49:50.328Z] Calculando: Antes=55, Menos=55, Después=0
[2026-05-26T01:49:51.494Z] ERROR CRÍTICO POST: 
Invalid `prisma.prestamo.update()` invocation:


Error occurred during query execution:
ConnectorError(ConnectorError { user_facing_error: None, kind: QueryError(PostgresError { code: "23514", message: "new row for relation \"prestamos\" violates check constraint \"prestamos_estado_check\"", severity: "ERROR", detail: Some("Failing row contains (4dd97aad-40ad-417b-be5d-73a2695da832, 1d4fd79b-eb64-4f93-871e-d49302e5c0bf, 50.00, porcentaje, 10.00, 5.00, 55.00, 0.00, finalizado, 2026-05-25 22:33:25.277+00, null, , 2026-05-25 22:33:25.277+00, 2026-05-25 22:33:25.277+00)."), column: None, hint: None }), transient: false }) 
Stack: PrismaClientUnknownRequestError: 
Invalid `prisma.prestamo.update()` invocation:


Error occurred during query execution:
ConnectorError(ConnectorError { user_facing_error: None, kind: QueryError(PostgresError { code: "23514", message: "new row for relation \"prestamos\" violates check constraint \"prestamos_estado_check\"", severity: "ERROR", detail: Some("Failing row contains (4dd97aad-40ad-417b-be5d-73a2695da832, 1d4fd79b-eb64-4f93-871e-d49302e5c0bf, 50.00, porcentaje, 10.00, 5.00, 55.00, 0.00, finalizado, 2026-05-25 22:33:25.277+00, null, , 2026-05-25 22:33:25.277+00, 2026-05-25 22:33:25.277+00)."), column: None, hint: None }), transient: false })
    at $n.handleRequestError (C:\Users\LENOVO\Desktop\Proyectos\presto\node_modules\@prisma\client\runtime\library.js:121:7505)
    at $n.handleAndLogRequestError (C:\Users\LENOVO\Desktop\Proyectos\presto\node_modules\@prisma\client\runtime\library.js:121:6623)
    at $n.request (C:\Users\LENOVO\Desktop\Proyectos\presto\node_modules\@prisma\client\runtime\library.js:121:6307)
    at async l (C:\Users\LENOVO\Desktop\Proyectos\presto\node_modules\@prisma\client\runtime\library.js:130:9633)
    at async POST.__TURBOPACK__imported__module__$5b$project$5d2f$lib$2f$prisma$2e$ts__$5b$app$2d$route$5d$__$28$ecmascript$29$__.prisma.$transaction.timeout (C:\Users\LENOVO\Desktop\Proyectos\presto\.next\dev\server\chunks\[root-of-the-server]__0c5dyo~._.js:164:13)
    at async Proxy._transactionWithCallback (C:\Users\LENOVO\Desktop\Proyectos\presto\node_modules\@prisma\client\runtime\library.js:130:8000)
    at async POST (C:\Users\LENOVO\Desktop\Proyectos\presto\.next\dev\server\chunks\[root-of-the-server]__0c5dyo~._.js:136:24)
    at async AppRouteRouteModule.do (C:\Users\LENOVO\Desktop\Proyectos\presto\node_modules\next\dist\compiled\next-server\app-route-turbo.runtime.dev.js:5:40115)
    at async AppRouteRouteModule.handle (C:\Users\LENOVO\Desktop\Proyectos\presto\node_modules\next\dist\compiled\next-server\app-route-turbo.runtime.dev.js:5:47395)
    at async responseGenerator (C:\Users\LENOVO\Desktop\Proyectos\presto\.next\dev\server\chunks\[root-of-the-server]__0xm9.59._.js:16503:38)
    at async AppRouteRouteModule.handleResponse (C:\Users\LENOVO\Desktop\Proyectos\presto\node_modules\next\dist\compiled\next-server\app-route-turbo.runtime.dev.js:1:228552)
    at async handleResponse (C:\Users\LENOVO\Desktop\Proyectos\presto\.next\dev\server\chunks\[root-of-the-server]__0xm9.59._.js:16566:32)
    at async Module.handler (C:\Users\LENOVO\Desktop\Proyectos\presto\.next\dev\server\chunks\[root-of-the-server]__0xm9.59._.js:16620:13)
    at async DevServer.renderToResponseWithComponentsImpl (C:\Users\LENOVO\Desktop\Proyectos\presto\node_modules\next\dist\server\base-server.js:1462:9)
    at async DevServer.renderPageComponent (C:\Users\LENOVO\Desktop\Proyectos\presto\node_modules\next\dist\server\base-server.js:1514:24)
    at async DevServer.renderToResponseImpl (C:\Users\LENOVO\Desktop\Proyectos\presto\node_modules\next\dist\server\base-server.js:1564:32)
    at async DevServer.pipeImpl (C:\Users\LENOVO\Desktop\Proyectos\presto\node_modules\next\dist\server\base-server.js:1044:25)
    at async NextNodeServer.handleCatchallRenderRequest (C:\Users\LENOVO\Desktop\Proyectos\presto\node_modules\next\dist\server\next-server.js:338:17)
    at async DevServer.handleRequestImpl (C:\Users\LENOVO\Desktop\Proyectos\presto\node_modules\next\dist\server\base-server.js:935:17)
    at async C:\Users\LENOVO\Desktop\Proyectos\presto\node_modules\next\dist\server\dev\next-dev-server.js:394:20
    at async Span.traceAsyncFn (C:\Users\LENOVO\Desktop\Proyectos\presto\node_modules\next\dist\trace\trace.js:164:20)
    at async DevServer.handleRequest (C:\Users\LENOVO\Desktop\Proyectos\presto\node_modules\next\dist\server\dev\next-dev-server.js:390:24)
    at async invokeRender (C:\Users\LENOVO\Desktop\Proyectos\presto\node_modules\next\dist\server\lib\router-server.js:266:21)
    at async handleRequest (C:\Users\LENOVO\Desktop\Proyectos\presto\node_modules\next\dist\server\lib\router-server.js:465:24)
    at async requestHandlerImpl (C:\Users\LENOVO\Desktop\Proyectos\presto\node_modules\next\dist\server\lib\router-server.js:514:13)
    at async Server.requestListener (C:\Users\LENOVO\Desktop\Proyectos\presto\node_modules\next\dist\server\lib\start-server.js:225:13)
[2026-05-26T01:57:10.788Z] RECIBIENDO POST: {"prestamo_id":"4dd97aad-40ad-417b-be5d-73a2695da832","monto_pagado":"60","monto_capital_pagado":"50.00","monto_interes_pagado":"5.00","monto_mora_pagado":"5","notas":""}
[2026-05-26T01:57:11.241Z] Iniciando transacción...
[2026-05-26T01:57:11.687Z] Calculando: Antes=55, Menos=55, Después=0
[2026-05-26T01:57:12.829Z] ERROR CRÍTICO POST: 
Invalid `prisma.prestamo.update()` invocation:


Error occurred during query execution:
ConnectorError(ConnectorError { user_facing_error: None, kind: QueryError(PostgresError { code: "23514", message: "new row for relation \"prestamos\" violates check constraint \"prestamos_estado_check\"", severity: "ERROR", detail: Some("Failing row contains (4dd97aad-40ad-417b-be5d-73a2695da832, 1d4fd79b-eb64-4f93-871e-d49302e5c0bf, 50.00, porcentaje, 10.00, 5.00, 55.00, 0.00, pagado, 2026-05-25 22:33:25.277+00, null, , 2026-05-25 22:33:25.277+00, 2026-05-25 22:33:25.277+00)."), column: None, hint: None }), transient: false }) 
Stack: PrismaClientUnknownRequestError: 
Invalid `prisma.prestamo.update()` invocation:


Error occurred during query execution:
ConnectorError(ConnectorError { user_facing_error: None, kind: QueryError(PostgresError { code: "23514", message: "new row for relation \"prestamos\" violates check constraint \"prestamos_estado_check\"", severity: "ERROR", detail: Some("Failing row contains (4dd97aad-40ad-417b-be5d-73a2695da832, 1d4fd79b-eb64-4f93-871e-d49302e5c0bf, 50.00, porcentaje, 10.00, 5.00, 55.00, 0.00, pagado, 2026-05-25 22:33:25.277+00, null, , 2026-05-25 22:33:25.277+00, 2026-05-25 22:33:25.277+00)."), column: None, hint: None }), transient: false })
    at $n.handleRequestError (C:\Users\LENOVO\Desktop\Proyectos\presto\node_modules\@prisma\client\runtime\library.js:121:7505)
    at $n.handleAndLogRequestError (C:\Users\LENOVO\Desktop\Proyectos\presto\node_modules\@prisma\client\runtime\library.js:121:6623)
    at $n.request (C:\Users\LENOVO\Desktop\Proyectos\presto\node_modules\@prisma\client\runtime\library.js:121:6307)
    at async l (C:\Users\LENOVO\Desktop\Proyectos\presto\node_modules\@prisma\client\runtime\library.js:130:9633)
    at async POST.__TURBOPACK__imported__module__$5b$project$5d2f$lib$2f$prisma$2e$ts__$5b$app$2d$route$5d$__$28$ecmascript$29$__.prisma.$transaction.timeout (C:\Users\LENOVO\Desktop\Proyectos\presto\.next\dev\server\chunks\[root-of-the-server]__0c5dyo~._.js:164:13)
    at async Proxy._transactionWithCallback (C:\Users\LENOVO\Desktop\Proyectos\presto\node_modules\@prisma\client\runtime\library.js:130:8000)
    at async POST (C:\Users\LENOVO\Desktop\Proyectos\presto\.next\dev\server\chunks\[root-of-the-server]__0c5dyo~._.js:136:24)
    at async AppRouteRouteModule.do (C:\Users\LENOVO\Desktop\Proyectos\presto\node_modules\next\dist\compiled\next-server\app-route-turbo.runtime.dev.js:5:40115)
    at async AppRouteRouteModule.handle (C:\Users\LENOVO\Desktop\Proyectos\presto\node_modules\next\dist\compiled\next-server\app-route-turbo.runtime.dev.js:5:47395)
    at async responseGenerator (C:\Users\LENOVO\Desktop\Proyectos\presto\.next\dev\server\chunks\[root-of-the-server]__0xm9.59._.js:16503:38)
    at async AppRouteRouteModule.handleResponse (C:\Users\LENOVO\Desktop\Proyectos\presto\node_modules\next\dist\compiled\next-server\app-route-turbo.runtime.dev.js:1:228552)
    at async handleResponse (C:\Users\LENOVO\Desktop\Proyectos\presto\.next\dev\server\chunks\[root-of-the-server]__0xm9.59._.js:16566:32)
    at async Module.handler (C:\Users\LENOVO\Desktop\Proyectos\presto\.next\dev\server\chunks\[root-of-the-server]__0xm9.59._.js:16620:13)
    at async DevServer.renderToResponseWithComponentsImpl (C:\Users\LENOVO\Desktop\Proyectos\presto\node_modules\next\dist\server\base-server.js:1462:9)
    at async DevServer.renderPageComponent (C:\Users\LENOVO\Desktop\Proyectos\presto\node_modules\next\dist\server\base-server.js:1514:24)
    at async DevServer.renderToResponseImpl (C:\Users\LENOVO\Desktop\Proyectos\presto\node_modules\next\dist\server\base-server.js:1564:32)
    at async DevServer.pipeImpl (C:\Users\LENOVO\Desktop\Proyectos\presto\node_modules\next\dist\server\base-server.js:1044:25)
    at async NextNodeServer.handleCatchallRenderRequest (C:\Users\LENOVO\Desktop\Proyectos\presto\node_modules\next\dist\server\next-server.js:338:17)
    at async DevServer.handleRequestImpl (C:\Users\LENOVO\Desktop\Proyectos\presto\node_modules\next\dist\server\base-server.js:935:17)
    at async C:\Users\LENOVO\Desktop\Proyectos\presto\node_modules\next\dist\server\dev\next-dev-server.js:394:20
    at async Span.traceAsyncFn (C:\Users\LENOVO\Desktop\Proyectos\presto\node_modules\next\dist\trace\trace.js:164:20)
    at async DevServer.handleRequest (C:\Users\LENOVO\Desktop\Proyectos\presto\node_modules\next\dist\server\dev\next-dev-server.js:390:24)
    at async invokeRender (C:\Users\LENOVO\Desktop\Proyectos\presto\node_modules\next\dist\server\lib\router-server.js:266:21)
    at async handleRequest (C:\Users\LENOVO\Desktop\Proyectos\presto\node_modules\next\dist\server\lib\router-server.js:465:24)
    at async requestHandlerImpl (C:\Users\LENOVO\Desktop\Proyectos\presto\node_modules\next\dist\server\lib\router-server.js:514:13)
    at async Server.requestListener (C:\Users\LENOVO\Desktop\Proyectos\presto\node_modules\next\dist\server\lib\start-server.js:225:13)
